<?xml version="1.0" encoding="UTF-8"?>
<!-- Generated by org.testng.reporters.JUnitReportReporter -->
<testsuite hostname="MSI" failures="0" tests="1" name="com.stv.design.designtests.MainTest" time="0.087" errors="0" timestamp="2024-05-31T19:23:25 MSK" skipped="0">
  <testcase classname="com.stv.design.designtests.MainTest" name="assertParaBankIconIsDisplayed" time="0.087"/>
</testsuite> <!-- com.stv.design.designtests.MainTest -->
